<?xml version="1.0" encoding="UTF-8"?>
<testsuite xmlns:xsi="http://www.w3.org/2001/XMLSchema-instance" xsi:noNamespaceSchemaLocation="https://maven.apache.org/surefire/maven-surefire-plugin/xsd/surefire-test-report.xsd" version="3.0.2" name="com.cumulusclouds.w4153cumuluscloudsmscalendar.W4153cumuluscloudsmscalendarApplicationTests" time="3.65" tests="1" errors="0" skipped="0" failures="0">
  <properties>
    <property name="java.specification.version" value="22"/>
    <property name="sun.jnu.encoding" value="UTF-8"/>
    <property name="java.class.path" value="/Users/bhavyabellannagari/Desktop/cloud/W4153-Cumulus-Clouds-MS-Calendar/target/test-classes:/Users/bhavyabellannagari/Desktop/cloud/W4153-Cumulus-Clouds-MS-Calendar/target/classes:/Users/bhavyabellannagari/.m2/repository/org/springframework/boot/spring-boot-starter-web/3.4.0/spring-boot-starter-web-3.4.0.jar:/Users/bhavyabellannagari/.m2/repository/org/springframework/boot/spring-boot-starter/3.4.0/spring-boot-starter-3.4.0.jar:/Users/bhavyabellannagari/.m2/repository/org/springframework/boot/spring-boot/3.4.0/spring-boot-3.4.0.jar:/Users/bhavyabellannagari/.m2/repository/org/springframework/boot/spring-boot-autoconfigure/3.4.0/spring-boot-autoconfigure-3.4.0.jar:/Users/bhavyabellannagari/.m2/repository/org/springframework/boot/spring-boot-starter-logging/3.4.0/spring-boot-starter-logging-3.4.0.jar:/Users/bhavyabellannagari/.m2/repository/ch/qos/logback/logback-classic/1.5.12/logback-classic-1.5.12.jar:/Users/bhavyabellannagari/.m2/repository/ch/qos/logback/logback-core/1.5.12/logback-core-1.5.12.jar:/Users/bhavyabellannagari/.m2/repository/org/apache/logging/log4j/log4j-to-slf4j/2.24.1/log4j-to-slf4j-2.24.1.jar:/Users/bhavyabellannagari/.m2/repository/org/apache/logging/log4j/log4j-api/2.24.1/log4j-api-2.24.1.jar:/Users/bhavyabellannagari/.m2/repository/org/slf4j/jul-to-slf4j/2.0.16/jul-to-slf4j-2.0.16.jar:/Users/bhavyabellannagari/.m2/repository/jakarta/annotation/jakarta.annotation-api/2.1.1/jakarta.annotation-api-2.1.1.jar:/Users/bhavyabellannagari/.m2/repository/org/yaml/snakeyaml/2.3/snakeyaml-2.3.jar:/Users/bhavyabellannagari/.m2/repository/org/springframework/boot/spring-boot-starter-json/3.4.0/spring-boot-starter-json-3.4.0.jar:/Users/bhavyabellannagari/.m2/repository/com/fasterxml/jackson/core/jackson-databind/2.18.1/jackson-databind-2.18.1.jar:/Users/bhavyabellannagari/.m2/repository/com/fasterxml/jackson/core/jackson-annotations/2.18.1/jackson-annotations-2.18.1.jar:/Users/bhavyabellannagari/.m2/repository/com/fasterxml/jackson/datatype/jackson-datatype-jdk8/2.18.1/jackson-datatype-jdk8-2.18.1.jar:/Users/bhavyabellannagari/.m2/repository/com/fasterxml/jackson/datatype/jackson-datatype-jsr310/2.18.1/jackson-datatype-jsr310-2.18.1.jar:/Users/bhavyabellannagari/.m2/repository/com/fasterxml/jackson/module/jackson-module-parameter-names/2.18.1/jackson-module-parameter-names-2.18.1.jar:/Users/bhavyabellannagari/.m2/repository/org/springframework/boot/spring-boot-starter-tomcat/3.4.0/spring-boot-starter-tomcat-3.4.0.jar:/Users/bhavyabellannagari/.m2/repository/org/apache/tomcat/embed/tomcat-embed-core/10.1.33/tomcat-embed-core-10.1.33.jar:/Users/bhavyabellannagari/.m2/repository/org/apache/tomcat/embed/tomcat-embed-websocket/10.1.33/tomcat-embed-websocket-10.1.33.jar:/Users/bhavyabellannagari/.m2/repository/org/springframework/spring-web/6.2.0/spring-web-6.2.0.jar:/Users/bhavyabellannagari/.m2/repository/org/springframework/spring-beans/6.2.0/spring-beans-6.2.0.jar:/Users/bhavyabellannagari/.m2/repository/io/micrometer/micrometer-observation/1.14.1/micrometer-observation-1.14.1.jar:/Users/bhavyabellannagari/.m2/repository/io/micrometer/micrometer-commons/1.14.1/micrometer-commons-1.14.1.jar:/Users/bhavyabellannagari/.m2/repository/org/springframework/spring-webmvc/6.2.0/spring-webmvc-6.2.0.jar:/Users/bhavyabellannagari/.m2/repository/org/springframework/spring-aop/6.2.0/spring-aop-6.2.0.jar:/Users/bhavyabellannagari/.m2/repository/org/springframework/spring-context/6.2.0/spring-context-6.2.0.jar:/Users/bhavyabellannagari/.m2/repository/org/springframework/spring-expression/6.2.0/spring-expression-6.2.0.jar:/Users/bhavyabellannagari/.m2/repository/org/springframework/boot/spring-boot-starter-data-jpa/3.4.0/spring-boot-starter-data-jpa-3.4.0.jar:/Users/bhavyabellannagari/.m2/repository/org/springframework/boot/spring-boot-starter-jdbc/3.4.0/spring-boot-starter-jdbc-3.4.0.jar:/Users/bhavyabellannagari/.m2/repository/com/zaxxer/HikariCP/5.1.0/HikariCP-5.1.0.jar:/Users/bhavyabellannagari/.m2/repository/org/springframework/spring-jdbc/6.2.0/spring-jdbc-6.2.0.jar:/Users/bhavyabellannagari/.m2/repository/org/hibernate/orm/hibernate-core/6.6.2.Final/hibernate-core-6.6.2.Final.jar:/Users/bhavyabellannagari/.m2/repository/jakarta/transaction/jakarta.transaction-api/2.0.1/jakarta.transaction-api-2.0.1.jar:/Users/bhavyabellannagari/.m2/repository/org/jboss/logging/jboss-logging/3.6.1.Final/jboss-logging-3.6.1.Final.jar:/Users/bhavyabellannagari/.m2/repository/org/hibernate/common/hibernate-commons-annotations/7.0.3.Final/hibernate-commons-annotations-7.0.3.Final.jar:/Users/bhavyabellannagari/.m2/repository/io/smallrye/jandex/3.2.0/jandex-3.2.0.jar:/Users/bhavyabellannagari/.m2/repository/com/fasterxml/classmate/1.7.0/classmate-1.7.0.jar:/Users/bhavyabellannagari/.m2/repository/net/bytebuddy/byte-buddy/1.15.10/byte-buddy-1.15.10.jar:/Users/bhavyabellannagari/.m2/repository/org/glassfish/jaxb/jaxb-runtime/4.0.5/jaxb-runtime-4.0.5.jar:/Users/bhavyabellannagari/.m2/repository/org/glassfish/jaxb/jaxb-core/4.0.5/jaxb-core-4.0.5.jar:/Users/bhavyabellannagari/.m2/repository/org/glassfish/jaxb/txw2/4.0.5/txw2-4.0.5.jar:/Users/bhavyabellannagari/.m2/repository/com/sun/istack/istack-commons-runtime/4.1.2/istack-commons-runtime-4.1.2.jar:/Users/bhavyabellannagari/.m2/repository/jakarta/inject/jakarta.inject-api/2.0.1/jakarta.inject-api-2.0.1.jar:/Users/bhavyabellannagari/.m2/repository/org/antlr/antlr4-runtime/4.13.0/antlr4-runtime-4.13.0.jar:/Users/bhavyabellannagari/.m2/repository/org/springframework/data/spring-data-jpa/3.4.0/spring-data-jpa-3.4.0.jar:/Users/bhavyabellannagari/.m2/repository/org/springframework/data/spring-data-commons/3.4.0/spring-data-commons-3.4.0.jar:/Users/bhavyabellannagari/.m2/repository/org/springframework/spring-orm/6.2.0/spring-orm-6.2.0.jar:/Users/bhavyabellannagari/.m2/repository/org/springframework/spring-tx/6.2.0/spring-tx-6.2.0.jar:/Users/bhavyabellannagari/.m2/repository/org/slf4j/slf4j-api/2.0.16/slf4j-api-2.0.16.jar:/Users/bhavyabellannagari/.m2/repository/org/springframework/spring-aspects/6.2.0/spring-aspects-6.2.0.jar:/Users/bhavyabellannagari/.m2/repository/org/aspectj/aspectjweaver/1.9.22.1/aspectjweaver-1.9.22.1.jar:/Users/bhavyabellannagari/.m2/repository/org/springframework/boot/spring-boot-starter-mail/3.4.0/spring-boot-starter-mail-3.4.0.jar:/Users/bhavyabellannagari/.m2/repository/org/springframework/spring-context-support/6.2.0/spring-context-support-6.2.0.jar:/Users/bhavyabellannagari/.m2/repository/org/eclipse/angus/jakarta.mail/2.0.3/jakarta.mail-2.0.3.jar:/Users/bhavyabellannagari/.m2/repository/jakarta/activation/jakarta.activation-api/2.1.3/jakarta.activation-api-2.1.3.jar:/Users/bhavyabellannagari/.m2/repository/org/eclipse/angus/angus-activation/2.0.2/angus-activation-2.0.2.jar:/Users/bhavyabellannagari/.m2/repository/org/springframework/boot/spring-boot-starter-hateoas/3.4.0/spring-boot-starter-hateoas-3.4.0.jar:/Users/bhavyabellannagari/.m2/repository/org/springframework/hateoas/spring-hateoas/2.4.0/spring-hateoas-2.4.0.jar:/Users/bhavyabellannagari/.m2/repository/org/springframework/plugin/spring-plugin-core/3.0.0/spring-plugin-core-3.0.0.jar:/Users/bhavyabellannagari/.m2/repository/org/springframework/boot/spring-boot-starter-validation/3.4.0/spring-boot-starter-validation-3.4.0.jar:/Users/bhavyabellannagari/.m2/repository/org/apache/tomcat/embed/tomcat-embed-el/10.1.33/tomcat-embed-el-10.1.33.jar:/Users/bhavyabellannagari/.m2/repository/org/hibernate/validator/hibernate-validator/8.0.1.Final/hibernate-validator-8.0.1.Final.jar:/Users/bhavyabellannagari/.m2/repository/org/springdoc/springdoc-openapi-ui/1.6.15/springdoc-openapi-ui-1.6.15.jar:/Users/bhavyabellannagari/.m2/repository/org/springdoc/springdoc-openapi-webmvc-core/1.6.15/springdoc-openapi-webmvc-core-1.6.15.jar:/Users/bhavyabellannagari/.m2/repository/org/springdoc/springdoc-openapi-common/1.6.15/springdoc-openapi-common-1.6.15.jar:/Users/bhavyabellannagari/.m2/repository/io/swagger/core/v3/swagger-core/2.2.8/swagger-core-2.2.8.jar:/Users/bhavyabellannagari/.m2/repository/org/apache/commons/commons-lang3/3.17.0/commons-lang3-3.17.0.jar:/Users/bhavyabellannagari/.m2/repository/com/fasterxml/jackson/dataformat/jackson-dataformat-yaml/2.18.1/jackson-dataformat-yaml-2.18.1.jar:/Users/bhavyabellannagari/.m2/repository/io/swagger/core/v3/swagger-annotations/2.2.8/swagger-annotations-2.2.8.jar:/Users/bhavyabellannagari/.m2/repository/io/swagger/core/v3/swagger-models/2.2.8/swagger-models-2.2.8.jar:/Users/bhavyabellannagari/.m2/repository/org/webjars/swagger-ui/4.17.1/swagger-ui-4.17.1.jar:/Users/bhavyabellannagari/.m2/repository/org/webjars/webjars-locator-core/0.59/webjars-locator-core-0.59.jar:/Users/bhavyabellannagari/.m2/repository/com/fasterxml/jackson/core/jackson-core/2.18.1/jackson-core-2.18.1.jar:/Users/bhavyabellannagari/.m2/repository/io/github/classgraph/classgraph/4.8.149/classgraph-4.8.149.jar:/Users/bhavyabellannagari/.m2/repository/org/postgresql/postgresql/42.7.4/postgresql-42.7.4.jar:/Users/bhavyabellannagari/.m2/repository/org/checkerframework/checker-qual/3.42.0/checker-qual-3.42.0.jar:/Users/bhavyabellannagari/.m2/repository/jakarta/persistence/jakarta.persistence-api/3.1.0/jakarta.persistence-api-3.1.0.jar:/Users/bhavyabellannagari/.m2/repository/jakarta/validation/jakarta.validation-api/3.0.2/jakarta.validation-api-3.0.2.jar:/Users/bhavyabellannagari/.m2/repository/org/springframework/boot/spring-boot-starter-test/3.4.0/spring-boot-starter-test-3.4.0.jar:/Users/bhavyabellannagari/.m2/repository/org/springframework/boot/spring-boot-test/3.4.0/spring-boot-test-3.4.0.jar:/Users/bhavyabellannagari/.m2/repository/org/springframework/boot/spring-boot-test-autoconfigure/3.4.0/spring-boot-test-autoconfigure-3.4.0.jar:/Users/bhavyabellannagari/.m2/repository/com/jayway/jsonpath/json-path/2.9.0/json-path-2.9.0.jar:/Users/bhavyabellannagari/.m2/repository/jakarta/xml/bind/jakarta.xml.bind-api/4.0.2/jakarta.xml.bind-api-4.0.2.jar:/Users/bhavyabellannagari/.m2/repository/net/minidev/json-smart/2.5.1/json-smart-2.5.1.jar:/Users/bhavyabellannagari/.m2/repository/net/minidev/accessors-smart/2.5.1/accessors-smart-2.5.1.jar:/Users/bhavyabellannagari/.m2/repository/org/ow2/asm/asm/9.6/asm-9.6.jar:/Users/bhavyabellannagari/.m2/repository/org/assertj/assertj-core/3.26.3/assertj-core-3.26.3.jar:/Users/bhavyabellannagari/.m2/repository/org/awaitility/awaitility/4.2.2/awaitility-4.2.2.jar:/Users/bhavyabellannagari/.m2/repository/org/hamcrest/hamcrest/2.2/hamcrest-2.2.jar:/Users/bhavyabellannagari/.m2/repository/org/junit/jupiter/junit-jupiter/5.11.3/junit-jupiter-5.11.3.jar:/Users/bhavyabellannagari/.m2/repository/org/junit/jupiter/junit-jupiter-api/5.11.3/junit-jupiter-api-5.11.3.jar:/Users/bhavyabellannagari/.m2/repository/org/opentest4j/opentest4j/1.3.0/opentest4j-1.3.0.jar:/Users/bhavyabellannagari/.m2/repository/org/junit/platform/junit-platform-commons/1.11.3/junit-platform-commons-1.11.3.jar:/Users/bhavyabellannagari/.m2/repository/org/apiguardian/apiguardian-api/1.1.2/apiguardian-api-1.1.2.jar:/Users/bhavyabellannagari/.m2/repository/org/junit/jupiter/junit-jupiter-params/5.11.3/junit-jupiter-params-5.11.3.jar:/Users/bhavyabellannagari/.m2/repository/org/junit/jupiter/junit-jupiter-engine/5.11.3/junit-jupiter-engine-5.11.3.jar:/Users/bhavyabellannagari/.m2/repository/org/junit/platform/junit-platform-engine/1.11.3/junit-platform-engine-1.11.3.jar:/Users/bhavyabellannagari/.m2/repository/org/mockito/mockito-core/5.14.2/mockito-core-5.14.2.jar:/Users/bhavyabellannagari/.m2/repository/net/bytebuddy/byte-buddy-agent/1.15.10/byte-buddy-agent-1.15.10.jar:/Users/bhavyabellannagari/.m2/repository/org/objenesis/objenesis/3.3/objenesis-3.3.jar:/Users/bhavyabellannagari/.m2/repository/org/mockito/mockito-junit-jupiter/5.14.2/mockito-junit-jupiter-5.14.2.jar:/Users/bhavyabellannagari/.m2/repository/org/skyscreamer/jsonassert/1.5.3/jsonassert-1.5.3.jar:/Users/bhavyabellannagari/.m2/repository/com/vaadin/external/google/android-json/0.0.20131108.vaadin1/android-json-0.0.20131108.vaadin1.jar:/Users/bhavyabellannagari/.m2/repository/org/springframework/spring-core/6.2.0/spring-core-6.2.0.jar:/Users/bhavyabellannagari/.m2/repository/org/springframework/spring-jcl/6.2.0/spring-jcl-6.2.0.jar:/Users/bhavyabellannagari/.m2/repository/org/springframework/spring-test/6.2.0/spring-test-6.2.0.jar:/Users/bhavyabellannagari/.m2/repository/org/xmlunit/xmlunit-core/2.10.0/xmlunit-core-2.10.0.jar:"/>
    <property name="java.vm.vendor" value="Homebrew"/>
    <property name="sun.arch.data.model" value="64"/>
    <property name="java.vendor.url" value="https://github.com/Homebrew/homebrew-core/issues"/>
    <property name="user.timezone" value="America/New_York"/>
    <property name="org.jboss.logging.provider" value="slf4j"/>
    <property name="os.name" value="Mac OS X"/>
    <property name="java.vm.specification.version" value="22"/>
    <property name="APPLICATION_NAME" value="w4153cumuluscloudsmscalendar"/>
    <property name="sun.java.launcher" value="SUN_STANDARD"/>
    <property name="user.country" value="US"/>
    <property name="sun.boot.library.path" value="/opt/homebrew/Cellar/openjdk/22.0.2/libexec/openjdk.jdk/Contents/Home/lib"/>
    <property name="sun.java.command" value="/Users/bhavyabellannagari/Desktop/cloud/W4153-Cumulus-Clouds-MS-Calendar/target/surefire/surefirebooter-20241215004321668_3.jar /Users/bhavyabellannagari/Desktop/cloud/W4153-Cumulus-Clouds-MS-Calendar/target/surefire 2024-12-15T00-43-21_446-jvmRun1 surefire-20241215004321668_1tmp surefire_0-20241215004321668_2tmp"/>
    <property name="http.nonProxyHosts" value="local|*.local|169.254/16|*.169.254/16"/>
    <property name="jdk.debug" value="release"/>
    <property name="surefire.test.class.path" value="/Users/bhavyabellannagari/Desktop/cloud/W4153-Cumulus-Clouds-MS-Calendar/target/test-classes:/Users/bhavyabellannagari/Desktop/cloud/W4153-Cumulus-Clouds-MS-Calendar/target/classes:/Users/bhavyabellannagari/.m2/repository/org/springframework/boot/spring-boot-starter-web/3.4.0/spring-boot-starter-web-3.4.0.jar:/Users/bhavyabellannagari/.m2/repository/org/springframework/boot/spring-boot-starter/3.4.0/spring-boot-starter-3.4.0.jar:/Users/bhavyabellannagari/.m2/repository/org/springframework/boot/spring-boot/3.4.0/spring-boot-3.4.0.jar:/Users/bhavyabellannagari/.m2/repository/org/springframework/boot/spring-boot-autoconfigure/3.4.0/spring-boot-autoconfigure-3.4.0.jar:/Users/bhavyabellannagari/.m2/repository/org/springframework/boot/spring-boot-starter-logging/3.4.0/spring-boot-starter-logging-3.4.0.jar:/Users/bhavyabellannagari/.m2/repository/ch/qos/logback/logback-classic/1.5.12/logback-classic-1.5.12.jar:/Users/bhavyabellannagari/.m2/repository/ch/qos/logback/logback-core/1.5.12/logback-core-1.5.12.jar:/Users/bhavyabellannagari/.m2/repository/org/apache/logging/log4j/log4j-to-slf4j/2.24.1/log4j-to-slf4j-2.24.1.jar:/Users/bhavyabellannagari/.m2/repository/org/apache/logging/log4j/log4j-api/2.24.1/log4j-api-2.24.1.jar:/Users/bhavyabellannagari/.m2/repository/org/slf4j/jul-to-slf4j/2.0.16/jul-to-slf4j-2.0.16.jar:/Users/bhavyabellannagari/.m2/repository/jakarta/annotation/jakarta.annotation-api/2.1.1/jakarta.annotation-api-2.1.1.jar:/Users/bhavyabellannagari/.m2/repository/org/yaml/snakeyaml/2.3/snakeyaml-2.3.jar:/Users/bhavyabellannagari/.m2/repository/org/springframework/boot/spring-boot-starter-json/3.4.0/spring-boot-starter-json-3.4.0.jar:/Users/bhavyabellannagari/.m2/repository/com/fasterxml/jackson/core/jackson-databind/2.18.1/jackson-databind-2.18.1.jar:/Users/bhavyabellannagari/.m2/repository/com/fasterxml/jackson/core/jackson-annotations/2.18.1/jackson-annotations-2.18.1.jar:/Users/bhavyabellannagari/.m2/repository/com/fasterxml/jackson/datatype/jackson-datatype-jdk8/2.18.1/jackson-datatype-jdk8-2.18.1.jar:/Users/bhavyabellannagari/.m2/repository/com/fasterxml/jackson/datatype/jackson-datatype-jsr310/2.18.1/jackson-datatype-jsr310-2.18.1.jar:/Users/bhavyabellannagari/.m2/repository/com/fasterxml/jackson/module/jackson-module-parameter-names/2.18.1/jackson-module-parameter-names-2.18.1.jar:/Users/bhavyabellannagari/.m2/repository/org/springframework/boot/spring-boot-starter-tomcat/3.4.0/spring-boot-starter-tomcat-3.4.0.jar:/Users/bhavyabellannagari/.m2/repository/org/apache/tomcat/embed/tomcat-embed-core/10.1.33/tomcat-embed-core-10.1.33.jar:/Users/bhavyabellannagari/.m2/repository/org/apache/tomcat/embed/tomcat-embed-websocket/10.1.33/tomcat-embed-websocket-10.1.33.jar:/Users/bhavyabellannagari/.m2/repository/org/springframework/spring-web/6.2.0/spring-web-6.2.0.jar:/Users/bhavyabellannagari/.m2/repository/org/springframework/spring-beans/6.2.0/spring-beans-6.2.0.jar:/Users/bhavyabellannagari/.m2/repository/io/micrometer/micrometer-observation/1.14.1/micrometer-observation-1.14.1.jar:/Users/bhavyabellannagari/.m2/repository/io/micrometer/micrometer-commons/1.14.1/micrometer-commons-1.14.1.jar:/Users/bhavyabellannagari/.m2/repository/org/springframework/spring-webmvc/6.2.0/spring-webmvc-6.2.0.jar:/Users/bhavyabellannagari/.m2/repository/org/springframework/spring-aop/6.2.0/spring-aop-6.2.0.jar:/Users/bhavyabellannagari/.m2/repository/org/springframework/spring-context/6.2.0/spring-context-6.2.0.jar:/Users/bhavyabellannagari/.m2/repository/org/springframework/spring-expression/6.2.0/spring-expression-6.2.0.jar:/Users/bhavyabellannagari/.m2/repository/org/springframework/boot/spring-boot-starter-data-jpa/3.4.0/spring-boot-starter-data-jpa-3.4.0.jar:/Users/bhavyabellannagari/.m2/repository/org/springframework/boot/spring-boot-starter-jdbc/3.4.0/spring-boot-starter-jdbc-3.4.0.jar:/Users/bhavyabellannagari/.m2/repository/com/zaxxer/HikariCP/5.1.0/HikariCP-5.1.0.jar:/Users/bhavyabellannagari/.m2/repository/org/springframework/spring-jdbc/6.2.0/spring-jdbc-6.2.0.jar:/Users/bhavyabellannagari/.m2/repository/org/hibernate/orm/hibernate-core/6.6.2.Final/hibernate-core-6.6.2.Final.jar:/Users/bhavyabellannagari/.m2/repository/jakarta/transaction/jakarta.transaction-api/2.0.1/jakarta.transaction-api-2.0.1.jar:/Users/bhavyabellannagari/.m2/repository/org/jboss/logging/jboss-logging/3.6.1.Final/jboss-logging-3.6.1.Final.jar:/Users/bhavyabellannagari/.m2/repository/org/hibernate/common/hibernate-commons-annotations/7.0.3.Final/hibernate-commons-annotations-7.0.3.Final.jar:/Users/bhavyabellannagari/.m2/repository/io/smallrye/jandex/3.2.0/jandex-3.2.0.jar:/Users/bhavyabellannagari/.m2/repository/com/fasterxml/classmate/1.7.0/classmate-1.7.0.jar:/Users/bhavyabellannagari/.m2/repository/net/bytebuddy/byte-buddy/1.15.10/byte-buddy-1.15.10.jar:/Users/bhavyabellannagari/.m2/repository/org/glassfish/jaxb/jaxb-runtime/4.0.5/jaxb-runtime-4.0.5.jar:/Users/bhavyabellannagari/.m2/repository/org/glassfish/jaxb/jaxb-core/4.0.5/jaxb-core-4.0.5.jar:/Users/bhavyabellannagari/.m2/repository/org/glassfish/jaxb/txw2/4.0.5/txw2-4.0.5.jar:/Users/bhavyabellannagari/.m2/repository/com/sun/istack/istack-commons-runtime/4.1.2/istack-commons-runtime-4.1.2.jar:/Users/bhavyabellannagari/.m2/repository/jakarta/inject/jakarta.inject-api/2.0.1/jakarta.inject-api-2.0.1.jar:/Users/bhavyabellannagari/.m2/repository/org/antlr/antlr4-runtime/4.13.0/antlr4-runtime-4.13.0.jar:/Users/bhavyabellannagari/.m2/repository/org/springframework/data/spring-data-jpa/3.4.0/spring-data-jpa-3.4.0.jar:/Users/bhavyabellannagari/.m2/repository/org/springframework/data/spring-data-commons/3.4.0/spring-data-commons-3.4.0.jar:/Users/bhavyabellannagari/.m2/repository/org/springframework/spring-orm/6.2.0/spring-orm-6.2.0.jar:/Users/bhavyabellannagari/.m2/repository/org/springframework/spring-tx/6.2.0/spring-tx-6.2.0.jar:/Users/bhavyabellannagari/.m2/repository/org/slf4j/slf4j-api/2.0.16/slf4j-api-2.0.16.jar:/Users/bhavyabellannagari/.m2/repository/org/springframework/spring-aspects/6.2.0/spring-aspects-6.2.0.jar:/Users/bhavyabellannagari/.m2/repository/org/aspectj/aspectjweaver/1.9.22.1/aspectjweaver-1.9.22.1.jar:/Users/bhavyabellannagari/.m2/repository/org/springframework/boot/spring-boot-starter-mail/3.4.0/spring-boot-starter-mail-3.4.0.jar:/Users/bhavyabellannagari/.m2/repository/org/springframework/spring-context-support/6.2.0/spring-context-support-6.2.0.jar:/Users/bhavyabellannagari/.m2/repository/org/eclipse/angus/jakarta.mail/2.0.3/jakarta.mail-2.0.3.jar:/Users/bhavyabellannagari/.m2/repository/jakarta/activation/jakarta.activation-api/2.1.3/jakarta.activation-api-2.1.3.jar:/Users/bhavyabellannagari/.m2/repository/org/eclipse/angus/angus-activation/2.0.2/angus-activation-2.0.2.jar:/Users/bhavyabellannagari/.m2/repository/org/springframework/boot/spring-boot-starter-hateoas/3.4.0/spring-boot-starter-hateoas-3.4.0.jar:/Users/bhavyabellannagari/.m2/repository/org/springframework/hateoas/spring-hateoas/2.4.0/spring-hateoas-2.4.0.jar:/Users/bhavyabellannagari/.m2/repository/org/springframework/plugin/spring-plugin-core/3.0.0/spring-plugin-core-3.0.0.jar:/Users/bhavyabellannagari/.m2/repository/org/springframework/boot/spring-boot-starter-validation/3.4.0/spring-boot-starter-validation-3.4.0.jar:/Users/bhavyabellannagari/.m2/repository/org/apache/tomcat/embed/tomcat-embed-el/10.1.33/tomcat-embed-el-10.1.33.jar:/Users/bhavyabellannagari/.m2/repository/org/hibernate/validator/hibernate-validator/8.0.1.Final/hibernate-validator-8.0.1.Final.jar:/Users/bhavyabellannagari/.m2/repository/org/springdoc/springdoc-openapi-ui/1.6.15/springdoc-openapi-ui-1.6.15.jar:/Users/bhavyabellannagari/.m2/repository/org/springdoc/springdoc-openapi-webmvc-core/1.6.15/springdoc-openapi-webmvc-core-1.6.15.jar:/Users/bhavyabellannagari/.m2/repository/org/springdoc/springdoc-openapi-common/1.6.15/springdoc-openapi-common-1.6.15.jar:/Users/bhavyabellannagari/.m2/repository/io/swagger/core/v3/swagger-core/2.2.8/swagger-core-2.2.8.jar:/Users/bhavyabellannagari/.m2/repository/org/apache/commons/commons-lang3/3.17.0/commons-lang3-3.17.0.jar:/Users/bhavyabellannagari/.m2/repository/com/fasterxml/jackson/dataformat/jackson-dataformat-yaml/2.18.1/jackson-dataformat-yaml-2.18.1.jar:/Users/bhavyabellannagari/.m2/repository/io/swagger/core/v3/swagger-annotations/2.2.8/swagger-annotations-2.2.8.jar:/Users/bhavyabellannagari/.m2/repository/io/swagger/core/v3/swagger-models/2.2.8/swagger-models-2.2.8.jar:/Users/bhavyabellannagari/.m2/repository/org/webjars/swagger-ui/4.17.1/swagger-ui-4.17.1.jar:/Users/bhavyabellannagari/.m2/repository/org/webjars/webjars-locator-core/0.59/webjars-locator-core-0.59.jar:/Users/bhavyabellannagari/.m2/repository/com/fasterxml/jackson/core/jackson-core/2.18.1/jackson-core-2.18.1.jar:/Users/bhavyabellannagari/.m2/repository/io/github/classgraph/classgraph/4.8.149/classgraph-4.8.149.jar:/Users/bhavyabellannagari/.m2/repository/org/postgresql/postgresql/42.7.4/postgresql-42.7.4.jar:/Users/bhavyabellannagari/.m2/repository/org/checkerframework/checker-qual/3.42.0/checker-qual-3.42.0.jar:/Users/bhavyabellannagari/.m2/repository/jakarta/persistence/jakarta.persistence-api/3.1.0/jakarta.persistence-api-3.1.0.jar:/Users/bhavyabellannagari/.m2/repository/jakarta/validation/jakarta.validation-api/3.0.2/jakarta.validation-api-3.0.2.jar:/Users/bhavyabellannagari/.m2/repository/org/springframework/boot/spring-boot-starter-test/3.4.0/spring-boot-starter-test-3.4.0.jar:/Users/bhavyabellannagari/.m2/repository/org/springframework/boot/spring-boot-test/3.4.0/spring-boot-test-3.4.0.jar:/Users/bhavyabellannagari/.m2/repository/org/springframework/boot/spring-boot-test-autoconfigure/3.4.0/spring-boot-test-autoconfigure-3.4.0.jar:/Users/bhavyabellannagari/.m2/repository/com/jayway/jsonpath/json-path/2.9.0/json-path-2.9.0.jar:/Users/bhavyabellannagari/.m2/repository/jakarta/xml/bind/jakarta.xml.bind-api/4.0.2/jakarta.xml.bind-api-4.0.2.jar:/Users/bhavyabellannagari/.m2/repository/net/minidev/json-smart/2.5.1/json-smart-2.5.1.jar:/Users/bhavyabellannagari/.m2/repository/net/minidev/accessors-smart/2.5.1/accessors-smart-2.5.1.jar:/Users/bhavyabellannagari/.m2/repository/org/ow2/asm/asm/9.6/asm-9.6.jar:/Users/bhavyabellannagari/.m2/repository/org/assertj/assertj-core/3.26.3/assertj-core-3.26.3.jar:/Users/bhavyabellannagari/.m2/repository/org/awaitility/awaitility/4.2.2/awaitility-4.2.2.jar:/Users/bhavyabellannagari/.m2/repository/org/hamcrest/hamcrest/2.2/hamcrest-2.2.jar:/Users/bhavyabellannagari/.m2/repository/org/junit/jupiter/junit-jupiter/5.11.3/junit-jupiter-5.11.3.jar:/Users/bhavyabellannagari/.m2/repository/org/junit/jupiter/junit-jupiter-api/5.11.3/junit-jupiter-api-5.11.3.jar:/Users/bhavyabellannagari/.m2/repository/org/opentest4j/opentest4j/1.3.0/opentest4j-1.3.0.jar:/Users/bhavyabellannagari/.m2/repository/org/junit/platform/junit-platform-commons/1.11.3/junit-platform-commons-1.11.3.jar:/Users/bhavyabellannagari/.m2/repository/org/apiguardian/apiguardian-api/1.1.2/apiguardian-api-1.1.2.jar:/Users/bhavyabellannagari/.m2/repository/org/junit/jupiter/junit-jupiter-params/5.11.3/junit-jupiter-params-5.11.3.jar:/Users/bhavyabellannagari/.m2/repository/org/junit/jupiter/junit-jupiter-engine/5.11.3/junit-jupiter-engine-5.11.3.jar:/Users/bhavyabellannagari/.m2/repository/org/junit/platform/junit-platform-engine/1.11.3/junit-platform-engine-1.11.3.jar:/Users/bhavyabellannagari/.m2/repository/org/mockito/mockito-core/5.14.2/mockito-core-5.14.2.jar:/Users/bhavyabellannagari/.m2/repository/net/bytebuddy/byte-buddy-agent/1.15.10/byte-buddy-agent-1.15.10.jar:/Users/bhavyabellannagari/.m2/repository/org/objenesis/objenesis/3.3/objenesis-3.3.jar:/Users/bhavyabellannagari/.m2/repository/org/mockito/mockito-junit-jupiter/5.14.2/mockito-junit-jupiter-5.14.2.jar:/Users/bhavyabellannagari/.m2/repository/org/skyscreamer/jsonassert/1.5.3/jsonassert-1.5.3.jar:/Users/bhavyabellannagari/.m2/repository/com/vaadin/external/google/android-json/0.0.20131108.vaadin1/android-json-0.0.20131108.vaadin1.jar:/Users/bhavyabellannagari/.m2/repository/org/springframework/spring-core/6.2.0/spring-core-6.2.0.jar:/Users/bhavyabellannagari/.m2/repository/org/springframework/spring-jcl/6.2.0/spring-jcl-6.2.0.jar:/Users/bhavyabellannagari/.m2/repository/org/springframework/spring-test/6.2.0/spring-test-6.2.0.jar:/Users/bhavyabellannagari/.m2/repository/org/xmlunit/xmlunit-core/2.10.0/xmlunit-core-2.10.0.jar:"/>
    <property name="sun.cpu.endian" value="little"/>
    <property name="user.home" value="/Users/bhavyabellannagari"/>
    <property name="user.language" value="en"/>
    <property name="java.specification.vendor" value="Oracle Corporation"/>
    <property name="java.version.date" value="2024-07-16"/>
    <property name="java.home" value="/opt/homebrew/Cellar/openjdk/22.0.2/libexec/openjdk.jdk/Contents/Home"/>
    <property name="file.separator" value="/"/>
    <property name="basedir" value="/Users/bhavyabellannagari/Desktop/cloud/W4153-Cumulus-Clouds-MS-Calendar"/>
    <property name="java.vm.compressedOopsMode" value="Zero based"/>
    <property name="line.separator" value="&#10;"/>
    <property name="java.vm.specification.vendor" value="Oracle Corporation"/>
    <property name="java.specification.name" value="Java Platform API Specification"/>
    <property name="FILE_LOG_CHARSET" value="UTF-8"/>
    <property name="java.awt.headless" value="true"/>
    <property name="apple.awt.application.name" value="ForkedBooter"/>
    <property name="surefire.real.class.path" value="/Users/bhavyabellannagari/Desktop/cloud/W4153-Cumulus-Clouds-MS-Calendar/target/surefire/surefirebooter-20241215004321668_3.jar"/>
    <property name="sun.management.compiler" value="HotSpot 64-Bit Tiered Compilers"/>
    <property name="ftp.nonProxyHosts" value="local|*.local|169.254/16|*.169.254/16"/>
    <property name="java.runtime.version" value="22.0.2"/>
    <property name="user.name" value="bhavyabellannagari"/>
    <property name="stdout.encoding" value="UTF-8"/>
    <property name="path.separator" value=":"/>
    <property name="os.version" value="13.5"/>
    <property name="java.runtime.name" value="OpenJDK Runtime Environment"/>
    <property name="file.encoding" value="UTF-8"/>
    <property name="java.vm.name" value="OpenJDK 64-Bit Server VM"/>
    <property name="java.vendor.version" value="Homebrew"/>
    <property name="localRepository" value="/Users/bhavyabellannagari/.m2/repository"/>
    <property name="java.vendor.url.bug" value="https://github.com/Homebrew/homebrew-core/issues"/>
    <property name="java.io.tmpdir" value="/var/folders/w7/yq4ls0q53w9_q28bwbh2z9sw0000gn/T/"/>
    <property name="com.zaxxer.hikari.pool_number" value="1"/>
    <property name="java.version" value="22.0.2"/>
    <property name="user.dir" value="/Users/bhavyabellannagari/Desktop/cloud/W4153-Cumulus-Clouds-MS-Calendar"/>
    <property name="os.arch" value="aarch64"/>
    <property name="java.vm.specification.name" value="Java Virtual Machine Specification"/>
    <property name="PID" value="36119"/>
    <property name="CONSOLE_LOG_CHARSET" value="UTF-8"/>
    <property name="native.encoding" value="UTF-8"/>
    <property name="java.library.path" value="/Users/bhavyabellannagari/Library/Java/Extensions:/Library/Java/Extensions:/Network/Library/Java/Extensions:/System/Library/Java/Extensions:/usr/lib/java:."/>
    <property name="java.vm.info" value="mixed mode, sharing"/>
    <property name="stderr.encoding" value="UTF-8"/>
    <property name="java.vendor" value="Homebrew"/>
    <property name="java.vm.version" value="22.0.2"/>
    <property name="sun.io.unicode.encoding" value="UnicodeBig"/>
    <property name="socksNonProxyHosts" value="local|*.local|169.254/16|*.169.254/16"/>
    <property name="java.class.version" value="66.0"/>
    <property name="LOGGED_APPLICATION_NAME" value="[w4153cumuluscloudsmscalendar] "/>
  </properties>
  <testcase name="contextLoads" classname="com.cumulusclouds.w4153cumuluscloudsmscalendar.W4153cumuluscloudsmscalendarApplicationTests" time="0.307">
    <system-out><![CDATA[00:43:22.279 [main] INFO org.springframework.test.context.support.AnnotationConfigContextLoaderUtils -- Could not detect default configuration classes for test class [com.cumulusclouds.w4153cumuluscloudsmscalendar.W4153cumuluscloudsmscalendarApplicationTests]: W4153cumuluscloudsmscalendarApplicationTests does not declare any static, non-private, non-final, nested classes annotated with @Configuration.
00:43:22.334 [main] INFO org.springframework.boot.test.context.SpringBootTestContextBootstrapper -- Found @SpringBootConfiguration com.cumulusclouds.w4153cumuluscloudsmscalendar.W4153cumuluscloudsmscalendarApplication for test class com.cumulusclouds.w4153cumuluscloudsmscalendar.W4153cumuluscloudsmscalendarApplicationTests

  .   ____          _            __ _ _
 /\\ / ___'_ __ _ _(_)_ __  __ _ \ \ \ \
( ( )\___ | '_ | '_| | '_ \/ _` | \ \ \ \
 \\/  ___)| |_)| | | | | || (_| |  ) ) ) )
  '  |____| .__|_| |_|_| |_\__, | / / / /
 =========|_|==============|___/=/_/_/_/

 :: Spring Boot ::                (v3.4.0)

2024-12-15T00:43:22.563-05:00  INFO 36119 --- [w4153cumuluscloudsmscalendar] [           main] 3cumuluscloudsmscalendarApplicationTests : Starting W4153cumuluscloudsmscalendarApplicationTests using Java 22.0.2 with PID 36119 (started by bhavyabellannagari in /Users/bhavyabellannagari/Desktop/cloud/W4153-Cumulus-Clouds-MS-Calendar)
2024-12-15T00:43:22.564-05:00  INFO 36119 --- [w4153cumuluscloudsmscalendar] [           main] 3cumuluscloudsmscalendarApplicationTests : No active profile set, falling back to 1 default profile: "default"
2024-12-15T00:43:22.908-05:00  INFO 36119 --- [w4153cumuluscloudsmscalendar] [           main] .s.d.r.c.RepositoryConfigurationDelegate : Bootstrapping Spring Data JPA repositories in DEFAULT mode.
2024-12-15T00:43:22.937-05:00  INFO 36119 --- [w4153cumuluscloudsmscalendar] [           main] .s.d.r.c.RepositoryConfigurationDelegate : Finished Spring Data repository scanning in 23 ms. Found 2 JPA repository interfaces.
2024-12-15T00:43:23.182-05:00  INFO 36119 --- [w4153cumuluscloudsmscalendar] [           main] o.hibernate.jpa.internal.util.LogHelper  : HHH000204: Processing PersistenceUnitInfo [name: default]
2024-12-15T00:43:23.220-05:00  INFO 36119 --- [w4153cumuluscloudsmscalendar] [           main] org.hibernate.Version                    : HHH000412: Hibernate ORM core version 6.6.2.Final
2024-12-15T00:43:23.236-05:00  INFO 36119 --- [w4153cumuluscloudsmscalendar] [           main] o.h.c.internal.RegionFactoryInitiator    : HHH000026: Second-level cache disabled
2024-12-15T00:43:23.376-05:00  INFO 36119 --- [w4153cumuluscloudsmscalendar] [           main] o.s.o.j.p.SpringPersistenceUnitInfo      : No LoadTimeWeaver setup: ignoring JPA class transformer
2024-12-15T00:43:23.391-05:00  INFO 36119 --- [w4153cumuluscloudsmscalendar] [           main] com.zaxxer.hikari.HikariDataSource       : HikariPool-1 - Starting...
2024-12-15T00:43:23.851-05:00  INFO 36119 --- [w4153cumuluscloudsmscalendar] [           main] com.zaxxer.hikari.pool.HikariPool        : HikariPool-1 - Added connection org.postgresql.jdbc.PgConnection@ff21443
2024-12-15T00:43:23.852-05:00  INFO 36119 --- [w4153cumuluscloudsmscalendar] [           main] com.zaxxer.hikari.HikariDataSource       : HikariPool-1 - Start completed.
2024-12-15T00:43:23.892-05:00  WARN 36119 --- [w4153cumuluscloudsmscalendar] [           main] org.hibernate.orm.deprecation            : HHH90000025: PostgreSQLDialect does not need to be specified explicitly using 'hibernate.dialect' (remove the property setting and it will be selected by default)
2024-12-15T00:43:23.952-05:00  INFO 36119 --- [w4153cumuluscloudsmscalendar] [           main] org.hibernate.orm.connections.pooling    : HHH10001005: Database info:
	Database JDBC URL [Connecting through datasource 'HikariDataSource (HikariPool-1)']
	Database driver: undefined/unknown
	Database version: 16.6
	Autocommit mode: undefined/unknown
	Isolation level: undefined/unknown
	Minimum pool size: undefined/unknown
	Maximum pool size: undefined/unknown
2024-12-15T00:43:24.429-05:00  INFO 36119 --- [w4153cumuluscloudsmscalendar] [           main] o.h.e.t.j.p.i.JtaPlatformInitiator       : HHH000489: No JTA platform available (set 'hibernate.transaction.jta.platform' to enable JTA platform integration)
2024-12-15T00:43:24.796-05:00  INFO 36119 --- [w4153cumuluscloudsmscalendar] [           main] j.LocalContainerEntityManagerFactoryBean : Initialized JPA EntityManagerFactory for persistence unit 'default'
2024-12-15T00:43:25.028-05:00  WARN 36119 --- [w4153cumuluscloudsmscalendar] [           main] JpaBaseConfiguration$JpaWebConfiguration : spring.jpa.open-in-view is enabled by default. Therefore, database queries may be performed during view rendering. Explicitly configure spring.jpa.open-in-view to disable this warning
2024-12-15T00:43:25.516-05:00  INFO 36119 --- [w4153cumuluscloudsmscalendar] [           main] 3cumuluscloudsmscalendarApplicationTests : Started W4153cumuluscloudsmscalendarApplicationTests in 3.114 seconds (process running for 3.807)
]]></system-out>
    <system-err><![CDATA[Mockito is currently self-attaching to enable the inline-mock-maker. This will no longer work in future releases of the JDK. Please add Mockito as an agent to your build what is described in Mockito's documentation: https://javadoc.io/doc/org.mockito/mockito-core/latest/org/mockito/Mockito.html#0.3
WARNING: A Java agent has been loaded dynamically (/Users/bhavyabellannagari/.m2/repository/net/bytebuddy/byte-buddy-agent/1.15.10/byte-buddy-agent-1.15.10.jar)
WARNING: If a serviceability tool is in use, please run with -XX:+EnableDynamicAgentLoading to hide this warning
WARNING: If a serviceability tool is not in use, please run with -Djdk.instrument.traceUsage for more information
WARNING: Dynamic loading of agents will be disallowed by default in a future release
]]></system-err>
  </testcase>
</testsuite>